<?xml version="1.0" encoding="UTF-8"?>
<testng-results skipped="0" failed="0" ignored="0" total="1" passed="1">
  <reporter-output>
  </reporter-output>
  <suite name="Suite" duration-ms="12792" started-at="2018-06-17T07:15:33Z" finished-at="2018-06-17T07:15:46Z">
    <groups>
    </groups>
    <test name="Test" duration-ms="12792" started-at="2018-06-17T07:15:33Z" finished-at="2018-06-17T07:15:46Z">
      <class name="sampletGitTest.SampleGitTest">
        <test-method status="PASS" signature="logintest()[pri:0, instance:sampletGitTest.SampleGitTest@3f0ee7cb]" name="logintest" duration-ms="12754" started-at="2018-06-17T12:45:33Z" finished-at="2018-06-17T12:45:46Z">
          <reporter-output>
          </reporter-output>
        </test-method> <!-- logintest -->
      </class> <!-- sampletGitTest.SampleGitTest -->
    </test> <!-- Test -->
  </suite> <!-- Suite -->
</testng-results>
