<?xml version="1.0" encoding="UTF-8"?>
<testng-results skipped="0" failed="0" ignored="0" total="1" passed="1">
  <reporter-output>
  </reporter-output>
  <suite name="Default suite" duration-ms="13481" started-at="2018-06-17T06:43:12Z" finished-at="2018-06-17T06:43:26Z">
    <groups>
    </groups>
    <test name="Default test" duration-ms="13481" started-at="2018-06-17T06:43:12Z" finished-at="2018-06-17T06:43:26Z">
      <class name="sampletGitTest.SampleGitTest">
        <test-method status="PASS" signature="logintest()[pri:0, instance:sampletGitTest.SampleGitTest@8bd1b6a]" name="logintest" duration-ms="13448" started-at="2018-06-17T12:13:13Z" finished-at="2018-06-17T12:13:26Z">
          <reporter-output>
          </reporter-output>
        </test-method> <!-- logintest -->
      </class> <!-- sampletGitTest.SampleGitTest -->
    </test> <!-- Default test -->
  </suite> <!-- Default suite -->
</testng-results>
